app/build/intermediates/manifest_merge_blame_file/debug/manifest-merger-blame-debug-report.txt
1<?xml version="1.0" encoding="utf-8"?>
2<manifest xmlns:android="http://schemas.android.com/apk/res/android"
3    package="com.example.hinvas"
4    android:versionCode="1"
5    android:versionName="1.0" >
6
7    <uses-sdk
8        android:minSdkVersion="21"
8-->src\main\AndroidManifest.xml
9        android:targetSdkVersion="32" />
9-->src\main\AndroidManifest.xml
10
11    <uses-permission android:name="android.permission.INTERNET" />
11-->src\main\AndroidManifest.xml:6:5-67
11-->src\main\AndroidManifest.xml:6:22-64
12
13    <!-- Although the *SdkVersion is captured in gradle build files, this is required for non gradle builds -->
14    <!-- <uses-sdk android:minSdkVersion="14" /> -->
15    <uses-permission android:name="android.permission.ACCESS_NETWORK_STATE" />
15-->[com.google.firebase:firebase-firestore:24.1.2] AndroidManifest.xml:13:5-79
15-->[com.google.firebase:firebase-firestore:24.1.2] AndroidManifest.xml:13:22-76
16    <uses-permission android:name="android.permission.WAKE_LOCK" />
16-->[com.google.android.gms:play-services-measurement-api:21.0.0] AndroidManifest.xml:24:5-68
16-->[com.google.android.gms:play-services-measurement-api:21.0.0] AndroidManifest.xml:24:22-65
17    <uses-permission android:name="com.google.android.gms.permission.AD_ID" />
17-->[com.google.android.gms:play-services-measurement-api:21.0.0] AndroidManifest.xml:25:5-79
17-->[com.google.android.gms:play-services-measurement-api:21.0.0] AndroidManifest.xml:25:22-76
18    <uses-permission android:name="com.google.android.finsky.permission.BIND_GET_INSTALL_REFERRER_SERVICE" />
18-->[com.google.android.gms:play-services-measurement:21.0.0] AndroidManifest.xml:26:5-110
18-->[com.google.android.gms:play-services-measurement:21.0.0] AndroidManifest.xml:26:22-107
19    <uses-permission android:name="android.permission.RECEIVE_BOOT_COMPLETED" />
19-->[androidx.work:work-runtime:2.7.1] AndroidManifest.xml:27:5-81
19-->[androidx.work:work-runtime:2.7.1] AndroidManifest.xml:27:22-78
20    <uses-permission android:name="android.permission.FOREGROUND_SERVICE" />
20-->[androidx.work:work-runtime:2.7.1] AndroidManifest.xml:28:5-77
20-->[androidx.work:work-runtime:2.7.1] AndroidManifest.xml:28:22-74
21
22    <application
22-->src\main\AndroidManifest.xml:8:5-58:19
23        android:allowBackup="true"
23-->src\main\AndroidManifest.xml:9:9-35
24        android:appComponentFactory="androidx.core.app.CoreComponentFactory"
24-->[androidx.core:core:1.8.0] AndroidManifest.xml:24:18-86
25        android:dataExtractionRules="@xml/data_extraction_rules"
25-->src\main\AndroidManifest.xml:10:9-65
26        android:debuggable="true"
27        android:fullBackupContent="@xml/backup_rules"
27-->src\main\AndroidManifest.xml:11:9-54
28        android:icon="@mipmap/ic_launcher"
28-->src\main\AndroidManifest.xml:12:9-43
29        android:label="@string/app_name"
29-->src\main\AndroidManifest.xml:13:9-41
30        android:roundIcon="@mipmap/ic_launcher_round"
30-->src\main\AndroidManifest.xml:14:9-54
31        android:supportsRtl="true"
31-->src\main\AndroidManifest.xml:15:9-35
32        android:testOnly="true"
33        android:theme="@style/Theme.HinVas" >
33-->src\main\AndroidManifest.xml:16:9-44
34        <activity
34-->src\main\AndroidManifest.xml:18:9-21:20
35            android:name="com.example.hinvas.StreamerAddActivity"
35-->src\main\AndroidManifest.xml:19:13-48
36            android:exported="false" >
36-->src\main\AndroidManifest.xml:20:13-37
37        </activity>
38        <activity
38-->src\main\AndroidManifest.xml:23:9-24:39
39            android:name="com.example.hinvas.FavoriteNoticeListItemActivity"
39-->src\main\AndroidManifest.xml:23:19-65
40            android:exported="false" />
40-->src\main\AndroidManifest.xml:24:13-37
41        <activity
41-->src\main\AndroidManifest.xml:26:9-29:51
42            android:name="com.example.hinvas.SearchFilterActivity"
42-->src\main\AndroidManifest.xml:27:13-49
43            android:exported="false"
43-->src\main\AndroidManifest.xml:28:13-37
44            android:label="@string/SearchFilter" />
44-->src\main\AndroidManifest.xml:29:13-49
45        <activity
45-->src\main\AndroidManifest.xml:30:9-33:51
46            android:name="com.example.hinvas.HomeFilterActivity"
46-->src\main\AndroidManifest.xml:31:13-47
47            android:exported="false"
47-->src\main\AndroidManifest.xml:32:13-37
48            android:label="@string/SearchFilter" />
48-->src\main\AndroidManifest.xml:33:13-49
49        <activity
49-->src\main\AndroidManifest.xml:34:9-57:20
50            android:name="com.example.hinvas.MainActivity"
50-->src\main\AndroidManifest.xml:35:13-41
51            android:exported="true"
51-->src\main\AndroidManifest.xml:36:13-36
52            android:launchMode="singleTask"
52-->src\main\AndroidManifest.xml:37:13-44
53            android:windowSoftInputMode="adjustPan" >
53-->src\main\AndroidManifest.xml:38:13-52
54            <intent-filter>
54-->src\main\AndroidManifest.xml:39:13-42:29
55                <action android:name="android.intent.action.MAIN" />
55-->src\main\AndroidManifest.xml:40:17-69
55-->src\main\AndroidManifest.xml:40:25-66
56
57                <category android:name="android.intent.category.LAUNCHER" />
57-->src\main\AndroidManifest.xml:41:17-77
57-->src\main\AndroidManifest.xml:41:27-74
58            </intent-filter>
59            <intent-filter>
59-->src\main\AndroidManifest.xml:43:13-51:29
60                <action android:name="android.intent.action.VIEW" />
60-->src\main\AndroidManifest.xml:44:17-69
60-->src\main\AndroidManifest.xml:44:25-66
61
62                <category android:name="android.intent.category.DEFAULT" />
62-->src\main\AndroidManifest.xml:45:17-76
62-->src\main\AndroidManifest.xml:45:27-73
63                <category android:name="android.intent.category.BROWSABLE" />
63-->src\main\AndroidManifest.xml:46:17-78
63-->src\main\AndroidManifest.xml:46:27-75
64
65                <data
65-->src\main\AndroidManifest.xml:47:17-50:46
66                    android:host="hinvas.com"
66-->src\main\AndroidManifest.xml:48:21-46
67                    android:path="/callback"
67-->src\main\AndroidManifest.xml:49:21-45
68                    android:scheme="https" />
68-->src\main\AndroidManifest.xml:50:21-43
69            </intent-filter>
70            <intent-filter>
70-->src\main\AndroidManifest.xml:52:13-56:29
71                <action android:name="android.intent.action.SEND" />
71-->src\main\AndroidManifest.xml:53:17-69
71-->src\main\AndroidManifest.xml:53:25-66
72
73                <category android:name="android.intent.category.DEFAULT" />
73-->src\main\AndroidManifest.xml:45:17-76
73-->src\main\AndroidManifest.xml:45:27-73
74
75                <data android:mimeType="text/plain" />
75-->src\main\AndroidManifest.xml:47:17-50:46
75-->src\main\AndroidManifest.xml:55:23-52
76            </intent-filter>
77        </activity>
78
79        <service
79-->[com.google.firebase:firebase-analytics-ktx:21.0.0] AndroidManifest.xml:8:9-14:19
80            android:name="com.google.firebase.components.ComponentDiscoveryService"
80-->[com.google.firebase:firebase-analytics-ktx:21.0.0] AndroidManifest.xml:9:13-84
81            android:directBootAware="true"
81-->[com.google.firebase:firebase-common:20.1.1] AndroidManifest.xml:35:13-43
82            android:exported="false" >
82-->[com.google.firebase:firebase-analytics-ktx:21.0.0] AndroidManifest.xml:10:13-37
83            <meta-data
83-->[com.google.firebase:firebase-analytics-ktx:21.0.0] AndroidManifest.xml:11:13-13:85
84                android:name="com.google.firebase.components:com.google.firebase.analytics.ktx.FirebaseAnalyticsKtxRegistrar"
84-->[com.google.firebase:firebase-analytics-ktx:21.0.0] AndroidManifest.xml:12:17-126
85                android:value="com.google.firebase.components.ComponentRegistrar" />
85-->[com.google.firebase:firebase-analytics-ktx:21.0.0] AndroidManifest.xml:13:17-82
86            <meta-data
86-->[com.google.firebase:firebase-firestore-ktx:24.1.2] AndroidManifest.xml:15:13-17:85
87                android:name="com.google.firebase.components:com.google.firebase.firestore.ktx.FirebaseFirestoreKtxRegistrar"
87-->[com.google.firebase:firebase-firestore-ktx:24.1.2] AndroidManifest.xml:16:17-126
88                android:value="com.google.firebase.components.ComponentRegistrar" />
88-->[com.google.firebase:firebase-firestore-ktx:24.1.2] AndroidManifest.xml:17:17-82
89            <meta-data
89-->[com.google.firebase:firebase-common-ktx:20.1.1] AndroidManifest.xml:15:13-17:85
90                android:name="com.google.firebase.components:com.google.firebase.ktx.FirebaseCommonKtxRegistrar"
90-->[com.google.firebase:firebase-common-ktx:20.1.1] AndroidManifest.xml:16:17-113
91                android:value="com.google.firebase.components.ComponentRegistrar" />
91-->[com.google.firebase:firebase-common-ktx:20.1.1] AndroidManifest.xml:17:17-82
92            <meta-data
92-->[com.google.firebase:firebase-firestore:24.1.2] AndroidManifest.xml:20:13-22:85
93                android:name="com.google.firebase.components:com.google.firebase.firestore.FirestoreRegistrar"
93-->[com.google.firebase:firebase-firestore:24.1.2] AndroidManifest.xml:21:17-111
94                android:value="com.google.firebase.components.ComponentRegistrar" />
94-->[com.google.firebase:firebase-firestore:24.1.2] AndroidManifest.xml:22:17-82
95            <meta-data
95-->[com.google.android.gms:play-services-measurement-api:21.0.0] AndroidManifest.xml:31:13-33:85
96                android:name="com.google.firebase.components:com.google.firebase.analytics.connector.internal.AnalyticsConnectorRegistrar"
96-->[com.google.android.gms:play-services-measurement-api:21.0.0] AndroidManifest.xml:32:17-139
97                android:value="com.google.firebase.components.ComponentRegistrar" />
97-->[com.google.android.gms:play-services-measurement-api:21.0.0] AndroidManifest.xml:33:17-82
98            <meta-data
98-->[com.google.firebase:firebase-installations:17.0.1] AndroidManifest.xml:18:13-20:85
99                android:name="com.google.firebase.components:com.google.firebase.installations.FirebaseInstallationsRegistrar"
99-->[com.google.firebase:firebase-installations:17.0.1] AndroidManifest.xml:19:17-127
100                android:value="com.google.firebase.components.ComponentRegistrar" />
100-->[com.google.firebase:firebase-installations:17.0.1] AndroidManifest.xml:20:17-82
101        </service>
102
103        <provider
103-->[com.google.firebase:firebase-common:20.1.1] AndroidManifest.xml:26:9-31:39
104            android:name="com.google.firebase.provider.FirebaseInitProvider"
104-->[com.google.firebase:firebase-common:20.1.1] AndroidManifest.xml:27:13-77
105            android:authorities="com.example.hinvas.firebaseinitprovider"
105-->[com.google.firebase:firebase-common:20.1.1] AndroidManifest.xml:28:13-72
106            android:directBootAware="true"
106-->[com.google.firebase:firebase-common:20.1.1] AndroidManifest.xml:29:13-43
107            android:exported="false"
107-->[com.google.firebase:firebase-common:20.1.1] AndroidManifest.xml:30:13-37
108            android:initOrder="100" />
108-->[com.google.firebase:firebase-common:20.1.1] AndroidManifest.xml:31:13-36
109
110        <receiver
110-->[com.google.android.gms:play-services-measurement:21.0.0] AndroidManifest.xml:29:9-33:20
111            android:name="com.google.android.gms.measurement.AppMeasurementReceiver"
111-->[com.google.android.gms:play-services-measurement:21.0.0] AndroidManifest.xml:30:13-85
112            android:enabled="true"
112-->[com.google.android.gms:play-services-measurement:21.0.0] AndroidManifest.xml:31:13-35
113            android:exported="false" >
113-->[com.google.android.gms:play-services-measurement:21.0.0] AndroidManifest.xml:32:13-37
114        </receiver>
115
116        <service
116-->[com.google.android.gms:play-services-measurement:21.0.0] AndroidManifest.xml:35:9-38:40
117            android:name="com.google.android.gms.measurement.AppMeasurementService"
117-->[com.google.android.gms:play-services-measurement:21.0.0] AndroidManifest.xml:36:13-84
118            android:enabled="true"
118-->[com.google.android.gms:play-services-measurement:21.0.0] AndroidManifest.xml:37:13-35
119            android:exported="false" />
119-->[com.google.android.gms:play-services-measurement:21.0.0] AndroidManifest.xml:38:13-37
120        <service
120-->[com.google.android.gms:play-services-measurement:21.0.0] AndroidManifest.xml:39:9-43:72
121            android:name="com.google.android.gms.measurement.AppMeasurementJobService"
121-->[com.google.android.gms:play-services-measurement:21.0.0] AndroidManifest.xml:40:13-87
122            android:enabled="true"
122-->[com.google.android.gms:play-services-measurement:21.0.0] AndroidManifest.xml:41:13-35
123            android:exported="false"
123-->[com.google.android.gms:play-services-measurement:21.0.0] AndroidManifest.xml:42:13-37
124            android:permission="android.permission.BIND_JOB_SERVICE" />
124-->[com.google.android.gms:play-services-measurement:21.0.0] AndroidManifest.xml:43:13-69
125
126        <activity
126-->[com.google.android.gms:play-services-base:18.0.1] AndroidManifest.xml:20:9-22:45
127            android:name="com.google.android.gms.common.api.GoogleApiActivity"
127-->[com.google.android.gms:play-services-base:18.0.1] AndroidManifest.xml:20:19-85
128            android:exported="false"
128-->[com.google.android.gms:play-services-base:18.0.1] AndroidManifest.xml:22:19-43
129            android:theme="@android:style/Theme.Translucent.NoTitleBar" />
129-->[com.google.android.gms:play-services-base:18.0.1] AndroidManifest.xml:21:19-78
130
131        <meta-data
131-->[com.google.android.gms:play-services-basement:18.0.0] AndroidManifest.xml:21:9-23:69
132            android:name="com.google.android.gms.version"
132-->[com.google.android.gms:play-services-basement:18.0.0] AndroidManifest.xml:22:13-58
133            android:value="@integer/google_play_services_version" />
133-->[com.google.android.gms:play-services-basement:18.0.0] AndroidManifest.xml:23:13-66
134
135        <uses-library
135-->[androidx.window:window:1.0.0] AndroidManifest.xml:25:9-27:40
136            android:name="androidx.window.extensions"
136-->[androidx.window:window:1.0.0] AndroidManifest.xml:26:13-54
137            android:required="false" />
137-->[androidx.window:window:1.0.0] AndroidManifest.xml:27:13-37
138        <uses-library
138-->[androidx.window:window:1.0.0] AndroidManifest.xml:28:9-30:40
139            android:name="androidx.window.sidecar"
139-->[androidx.window:window:1.0.0] AndroidManifest.xml:29:13-51
140            android:required="false" />
140-->[androidx.window:window:1.0.0] AndroidManifest.xml:30:13-37
141
142        <provider
142-->[androidx.emoji2:emoji2:1.2.0] AndroidManifest.xml:24:9-32:20
143            android:name="androidx.startup.InitializationProvider"
143-->[androidx.emoji2:emoji2:1.2.0] AndroidManifest.xml:25:13-67
144            android:authorities="com.example.hinvas.androidx-startup"
144-->[androidx.emoji2:emoji2:1.2.0] AndroidManifest.xml:26:13-68
145            android:exported="false" >
145-->[androidx.emoji2:emoji2:1.2.0] AndroidManifest.xml:27:13-37
146            <meta-data
146-->[androidx.emoji2:emoji2:1.2.0] AndroidManifest.xml:29:13-31:52
147                android:name="androidx.emoji2.text.EmojiCompatInitializer"
147-->[androidx.emoji2:emoji2:1.2.0] AndroidManifest.xml:30:17-75
148                android:value="androidx.startup" />
148-->[androidx.emoji2:emoji2:1.2.0] AndroidManifest.xml:31:17-49
149            <meta-data
149-->[androidx.work:work-runtime:2.7.1] AndroidManifest.xml:36:13-38:52
150                android:name="androidx.work.WorkManagerInitializer"
150-->[androidx.work:work-runtime:2.7.1] AndroidManifest.xml:37:17-68
151                android:value="androidx.startup" />
151-->[androidx.work:work-runtime:2.7.1] AndroidManifest.xml:38:17-49
152            <meta-data
152-->[androidx.lifecycle:lifecycle-process:2.4.1] AndroidManifest.xml:31:13-33:52
153                android:name="androidx.lifecycle.ProcessLifecycleInitializer"
153-->[androidx.lifecycle:lifecycle-process:2.4.1] AndroidManifest.xml:32:17-78
154                android:value="androidx.startup" />
154-->[androidx.lifecycle:lifecycle-process:2.4.1] AndroidManifest.xml:33:17-49
155        </provider>
156
157        <service
157-->[androidx.work:work-runtime:2.7.1] AndroidManifest.xml:41:9-46:35
158            android:name="androidx.work.impl.background.systemalarm.SystemAlarmService"
158-->[androidx.work:work-runtime:2.7.1] AndroidManifest.xml:42:13-88
159            android:directBootAware="false"
159-->[androidx.work:work-runtime:2.7.1] AndroidManifest.xml:43:13-44
160            android:enabled="@bool/enable_system_alarm_service_default"
160-->[androidx.work:work-runtime:2.7.1] AndroidManifest.xml:44:13-72
161            android:exported="false" />
161-->[androidx.work:work-runtime:2.7.1] AndroidManifest.xml:45:13-37
162        <service
162-->[androidx.work:work-runtime:2.7.1] AndroidManifest.xml:47:9-53:35
163            android:name="androidx.work.impl.background.systemjob.SystemJobService"
163-->[androidx.work:work-runtime:2.7.1] AndroidManifest.xml:48:13-84
164            android:directBootAware="false"
164-->[androidx.work:work-runtime:2.7.1] AndroidManifest.xml:49:13-44
165            android:enabled="@bool/enable_system_job_service_default"
165-->[androidx.work:work-runtime:2.7.1] AndroidManifest.xml:50:13-70
166            android:exported="true"
166-->[androidx.work:work-runtime:2.7.1] AndroidManifest.xml:51:13-36
167            android:permission="android.permission.BIND_JOB_SERVICE" />
167-->[androidx.work:work-runtime:2.7.1] AndroidManifest.xml:52:13-69
168        <service
168-->[androidx.work:work-runtime:2.7.1] AndroidManifest.xml:54:9-59:35
169            android:name="androidx.work.impl.foreground.SystemForegroundService"
169-->[androidx.work:work-runtime:2.7.1] AndroidManifest.xml:55:13-81
170            android:directBootAware="false"
170-->[androidx.work:work-runtime:2.7.1] AndroidManifest.xml:56:13-44
171            android:enabled="@bool/enable_system_foreground_service_default"
171-->[androidx.work:work-runtime:2.7.1] AndroidManifest.xml:57:13-77
172            android:exported="false" />
172-->[androidx.work:work-runtime:2.7.1] AndroidManifest.xml:58:13-37
173
174        <receiver
174-->[androidx.work:work-runtime:2.7.1] AndroidManifest.xml:61:9-66:35
175            android:name="androidx.work.impl.utils.ForceStopRunnable$BroadcastReceiver"
175-->[androidx.work:work-runtime:2.7.1] AndroidManifest.xml:62:13-88
176            android:directBootAware="false"
176-->[androidx.work:work-runtime:2.7.1] AndroidManifest.xml:63:13-44
177            android:enabled="true"
177-->[androidx.work:work-runtime:2.7.1] AndroidManifest.xml:64:13-35
178            android:exported="false" />
178-->[androidx.work:work-runtime:2.7.1] AndroidManifest.xml:65:13-37
179        <receiver
179-->[androidx.work:work-runtime:2.7.1] AndroidManifest.xml:67:9-77:20
180            android:name="androidx.work.impl.background.systemalarm.ConstraintProxy$BatteryChargingProxy"
180-->[androidx.work:work-runtime:2.7.1] AndroidManifest.xml:68:13-106
181            android:directBootAware="false"
181-->[androidx.work:work-runtime:2.7.1] AndroidManifest.xml:69:13-44
182            android:enabled="false"
182-->[androidx.work:work-runtime:2.7.1] AndroidManifest.xml:70:13-36
183            android:exported="false" >
183-->[androidx.work:work-runtime:2.7.1] AndroidManifest.xml:71:13-37
184            <intent-filter>
184-->[androidx.work:work-runtime:2.7.1] AndroidManifest.xml:73:13-76:29
185                <action android:name="android.intent.action.ACTION_POWER_CONNECTED" />
185-->[androidx.work:work-runtime:2.7.1] AndroidManifest.xml:74:17-87
185-->[androidx.work:work-runtime:2.7.1] AndroidManifest.xml:74:25-84
186                <action android:name="android.intent.action.ACTION_POWER_DISCONNECTED" />
186-->[androidx.work:work-runtime:2.7.1] AndroidManifest.xml:75:17-90
186-->[androidx.work:work-runtime:2.7.1] AndroidManifest.xml:75:25-87
187            </intent-filter>
188        </receiver>
189        <receiver
189-->[androidx.work:work-runtime:2.7.1] AndroidManifest.xml:78:9-88:20
190            android:name="androidx.work.impl.background.systemalarm.ConstraintProxy$BatteryNotLowProxy"
190-->[androidx.work:work-runtime:2.7.1] AndroidManifest.xml:79:13-104
191            android:directBootAware="false"
191-->[androidx.work:work-runtime:2.7.1] AndroidManifest.xml:80:13-44
192            android:enabled="false"
192-->[androidx.work:work-runtime:2.7.1] AndroidManifest.xml:81:13-36
193            android:exported="false" >
193-->[androidx.work:work-runtime:2.7.1] AndroidManifest.xml:82:13-37
194            <intent-filter>
194-->[androidx.work:work-runtime:2.7.1] AndroidManifest.xml:84:13-87:29
195                <action android:name="android.intent.action.BATTERY_OKAY" />
195-->[androidx.work:work-runtime:2.7.1] AndroidManifest.xml:85:17-77
195-->[androidx.work:work-runtime:2.7.1] AndroidManifest.xml:85:25-74
196                <action android:name="android.intent.action.BATTERY_LOW" />
196-->[androidx.work:work-runtime:2.7.1] AndroidManifest.xml:86:17-76
196-->[androidx.work:work-runtime:2.7.1] AndroidManifest.xml:86:25-73
197            </intent-filter>
198        </receiver>
199        <receiver
199-->[androidx.work:work-runtime:2.7.1] AndroidManifest.xml:89:9-99:20
200            android:name="androidx.work.impl.background.systemalarm.ConstraintProxy$StorageNotLowProxy"
200-->[androidx.work:work-runtime:2.7.1] AndroidManifest.xml:90:13-104
201            android:directBootAware="false"
201-->[androidx.work:work-runtime:2.7.1] AndroidManifest.xml:91:13-44
202            android:enabled="false"
202-->[androidx.work:work-runtime:2.7.1] AndroidManifest.xml:92:13-36
203            android:exported="false" >
203-->[androidx.work:work-runtime:2.7.1] AndroidManifest.xml:93:13-37
204            <intent-filter>
204-->[androidx.work:work-runtime:2.7.1] AndroidManifest.xml:95:13-98:29
205                <action android:name="android.intent.action.DEVICE_STORAGE_LOW" />
205-->[androidx.work:work-runtime:2.7.1] AndroidManifest.xml:96:17-83
205-->[androidx.work:work-runtime:2.7.1] AndroidManifest.xml:96:25-80
206                <action android:name="android.intent.action.DEVICE_STORAGE_OK" />
206-->[androidx.work:work-runtime:2.7.1] AndroidManifest.xml:97:17-82
206-->[androidx.work:work-runtime:2.7.1] AndroidManifest.xml:97:25-79
207            </intent-filter>
208        </receiver>
209        <receiver
209-->[androidx.work:work-runtime:2.7.1] AndroidManifest.xml:100:9-109:20
210            android:name="androidx.work.impl.background.systemalarm.ConstraintProxy$NetworkStateProxy"
210-->[androidx.work:work-runtime:2.7.1] AndroidManifest.xml:101:13-103
211            android:directBootAware="false"
211-->[androidx.work:work-runtime:2.7.1] AndroidManifest.xml:102:13-44
212            android:enabled="false"
212-->[androidx.work:work-runtime:2.7.1] AndroidManifest.xml:103:13-36
213            android:exported="false" >
213-->[androidx.work:work-runtime:2.7.1] AndroidManifest.xml:104:13-37
214            <intent-filter>
214-->[androidx.work:work-runtime:2.7.1] AndroidManifest.xml:106:13-108:29
215                <action android:name="android.net.conn.CONNECTIVITY_CHANGE" />
215-->[androidx.work:work-runtime:2.7.1] AndroidManifest.xml:107:17-79
215-->[androidx.work:work-runtime:2.7.1] AndroidManifest.xml:107:25-76
216            </intent-filter>
217        </receiver>
218        <receiver
218-->[androidx.work:work-runtime:2.7.1] AndroidManifest.xml:110:9-121:20
219            android:name="androidx.work.impl.background.systemalarm.RescheduleReceiver"
219-->[androidx.work:work-runtime:2.7.1] AndroidManifest.xml:111:13-88
220            android:directBootAware="false"
220-->[androidx.work:work-runtime:2.7.1] AndroidManifest.xml:112:13-44
221            android:enabled="false"
221-->[androidx.work:work-runtime:2.7.1] AndroidManifest.xml:113:13-36
222            android:exported="false" >
222-->[androidx.work:work-runtime:2.7.1] AndroidManifest.xml:114:13-37
223            <intent-filter>
223-->[androidx.work:work-runtime:2.7.1] AndroidManifest.xml:116:13-120:29
224                <action android:name="android.intent.action.BOOT_COMPLETED" />
224-->[androidx.work:work-runtime:2.7.1] AndroidManifest.xml:117:17-79
224-->[androidx.work:work-runtime:2.7.1] AndroidManifest.xml:117:25-76
225                <action android:name="android.intent.action.TIME_SET" />
225-->[androidx.work:work-runtime:2.7.1] AndroidManifest.xml:118:17-73
225-->[androidx.work:work-runtime:2.7.1] AndroidManifest.xml:118:25-70
226                <action android:name="android.intent.action.TIMEZONE_CHANGED" />
226-->[androidx.work:work-runtime:2.7.1] AndroidManifest.xml:119:17-81
226-->[androidx.work:work-runtime:2.7.1] AndroidManifest.xml:119:25-78
227            </intent-filter>
228        </receiver>
229        <receiver
229-->[androidx.work:work-runtime:2.7.1] AndroidManifest.xml:122:9-131:20
230            android:name="androidx.work.impl.background.systemalarm.ConstraintProxyUpdateReceiver"
230-->[androidx.work:work-runtime:2.7.1] AndroidManifest.xml:123:13-99
231            android:directBootAware="false"
231-->[androidx.work:work-runtime:2.7.1] AndroidManifest.xml:124:13-44
232            android:enabled="@bool/enable_system_alarm_service_default"
232-->[androidx.work:work-runtime:2.7.1] AndroidManifest.xml:125:13-72
233            android:exported="false" >
233-->[androidx.work:work-runtime:2.7.1] AndroidManifest.xml:126:13-37
234            <intent-filter>
234-->[androidx.work:work-runtime:2.7.1] AndroidManifest.xml:128:13-130:29
235                <action android:name="androidx.work.impl.background.systemalarm.UpdateProxies" />
235-->[androidx.work:work-runtime:2.7.1] AndroidManifest.xml:129:17-98
235-->[androidx.work:work-runtime:2.7.1] AndroidManifest.xml:129:25-95
236            </intent-filter>
237        </receiver>
238        <receiver
238-->[androidx.work:work-runtime:2.7.1] AndroidManifest.xml:132:9-142:20
239            android:name="androidx.work.impl.diagnostics.DiagnosticsReceiver"
239-->[androidx.work:work-runtime:2.7.1] AndroidManifest.xml:133:13-78
240            android:directBootAware="false"
240-->[androidx.work:work-runtime:2.7.1] AndroidManifest.xml:134:13-44
241            android:enabled="true"
241-->[androidx.work:work-runtime:2.7.1] AndroidManifest.xml:135:13-35
242            android:exported="true"
242-->[androidx.work:work-runtime:2.7.1] AndroidManifest.xml:136:13-36
243            android:permission="android.permission.DUMP" >
243-->[androidx.work:work-runtime:2.7.1] AndroidManifest.xml:137:13-57
244            <intent-filter>
244-->[androidx.work:work-runtime:2.7.1] AndroidManifest.xml:139:13-141:29
245                <action android:name="androidx.work.diagnostics.REQUEST_DIAGNOSTICS" />
245-->[androidx.work:work-runtime:2.7.1] AndroidManifest.xml:140:17-88
245-->[androidx.work:work-runtime:2.7.1] AndroidManifest.xml:140:25-85
246            </intent-filter>
247        </receiver>
248
249        <service
249-->[androidx.room:room-runtime:2.2.5] AndroidManifest.xml:25:9-28:40
250            android:name="androidx.room.MultiInstanceInvalidationService"
250-->[androidx.room:room-runtime:2.2.5] AndroidManifest.xml:26:13-74
251            android:directBootAware="true"
251-->[androidx.room:room-runtime:2.2.5] AndroidManifest.xml:27:13-43
252            android:exported="false" />
252-->[androidx.room:room-runtime:2.2.5] AndroidManifest.xml:28:13-37
253    </application>
254
255</manifest>